This is pdfTeX, Version 3.141592653-2.6-1.40.24 (TeX Live 2022) (preloaded format=pdflatex 2023.1.31)  1 FEB 2023 09:31
entering extended mode
 restricted \write18 enabled.
 %&-line parsing enabled.
**\nonstopmode \input ./Meng51940633A1.tex \input ./Meng51940633A1.tex \input ./Meng51940633A1.tex
(./Meng51940633A1.tex (/Users/rin/Library/TinyTeX/texmf-dist/tex/latex/base/article.cls
Document Class: article 2022/07/02 v1.4n Standard LaTeX document class
(/Users/rin/Library/TinyTeX/texmf-dist/tex/latex/base/size10.clo
File: size10.clo 2022/07/02 v1.4n Standard LaTeX file (size option)
)
\c@part=\count185
\c@section=\count186
\c@subsection=\count187
\c@subsubsection=\count188
\c@paragraph=\count189
\c@subparagraph=\count190
\c@figure=\count191
\c@table=\count192
\abovecaptionskip=\skip48
\belowcaptionskip=\skip49
\bibindent=\dimen140
) (/Users/rin/Library/TinyTeX/texmf-dist/tex/latex/graphics/graphicx.sty
Package: graphicx 2021/09/16 v1.2d Enhanced LaTeX Graphics (DPC,SPQR)
 (/Users/rin/Library/TinyTeX/texmf-dist/tex/latex/graphics/keyval.sty
Package: keyval 2022/05/29 v1.15 key=value parser (DPC)
\KV@toks@=\toks16
) (/Users/rin/Library/TinyTeX/texmf-dist/tex/latex/graphics/graphics.sty
Package: graphics 2022/03/10 v1.4e Standard LaTeX Graphics (DPC,SPQR)
 (/Users/rin/Library/TinyTeX/texmf-dist/tex/latex/graphics/trig.sty
Package: trig 2021/08/11 v1.11 sin cos tan (DPC)
) (/Users/rin/Library/TinyTeX/texmf-dist/tex/latex/graphics-cfg/graphics.cfg
File: graphics.cfg 2016/06/04 v1.11 sample graphics configuration
)
Package graphics Info: Driver file: pdftex.def on input line 107.
 (/Users/rin/Library/TinyTeX/texmf-dist/tex/latex/graphics-def/pdftex.def
File: pdftex.def 2022/09/22 v1.2b Graphics/color driver for pdftex
))
\Gin@req@height=\dimen141
\Gin@req@width=\dimen142
) (/Users/rin/Library/TinyTeX/texmf-dist/tex/latex/xcolor/xcolor.sty
Package: xcolor 2022/06/12 v2.14 LaTeX color extensions (UK)
 (/Users/rin/Library/TinyTeX/texmf-dist/tex/latex/graphics-cfg/color.cfg
File: color.cfg 2016/01/02 v1.6 sample color configuration
)
Package xcolor Info: Driver file: pdftex.def on input line 227.
 (/Users/rin/Library/TinyTeX/texmf-dist/tex/latex/graphics/mathcolor.ltx)
Package xcolor Info: Model `cmy' substituted by `cmy0' on input line 1353.
Package xcolor Info: Model `hsb' substituted by `rgb' on input line 1357.
Package xcolor Info: Model `RGB' extended on input line 1369.
Package xcolor Info: Model `HTML' substituted by `rgb' on input line 1371.
Package xcolor Info: Model `Hsb' substituted by `hsb' on input line 1372.
Package xcolor Info: Model `tHsb' substituted by `hsb' on input line 1373.
Package xcolor Info: Model `HSB' substituted by `hsb' on input line 1374.
Package xcolor Info: Model `Gray' substituted by `gray' on input line 1375.
Package xcolor Info: Model `wave' substituted by `hsb' on input line 1376.
) (/Users/rin/Library/TinyTeX/texmf-dist/tex/latex/framed/framed.sty
Package: framed 2011/10/22 v 0.96: framed or shaded text with page breaks
\OuterFrameSep=\skip50
\fb@frw=\dimen143
\fb@frh=\dimen144
\FrameRule=\dimen145
\FrameSep=\dimen146
) (/Users/rin/Library/TinyTeX/texmf-dist/tex/latex/base/alltt.sty
Package: alltt 2021/01/29 v2.0g defines alltt environment
) (/Users/rin/Library/TinyTeX/texmf-dist/tex/latex/psnfss/mathpazo.sty
Package: mathpazo 2020/03/25 PSNFSS-v9.3 Palatino w/ Pazo Math (D.Puga, WaS) 
\symupright=\mathgroup4
) (/Users/rin/Library/TinyTeX/texmf-dist/tex/latex/base/fontenc.sty
Package: fontenc 2021/04/29 v2.0v Standard LaTeX package
LaTeX Font Info:    Trying to load font information for T1+pplx on input line 112.
 (/Users/rin/Library/TinyTeX/texmf-dist/tex/latex/psnfss/t1pplx.fd
File: t1pplx.fd 2004/09/06 font definitions for T1/pplx.
)
! Font T1/pplx/m/n/10=pplr9e at 10.0pt not loadable: Metric (TFM) file not found.
<to be read again> 
                   relax 
l.112 ...\familydefault\seriesdefault\shapedefault
                                                  
I wasn't able to read the size data for this font,
so I will ignore the font specification.
[Wizards can fix TFM files using TFtoPL/PLtoTF.]
You might try inserting a different font spec;
e.g., type `I\font<same font id>=<substitute font name>'.

) (/Users/rin/Library/TinyTeX/texmf-dist/tex/latex/geometry/geometry.sty
Package: geometry 2020/01/02 v5.9 Page Geometry
 (/Users/rin/Library/TinyTeX/texmf-dist/tex/generic/iftex/ifvtex.sty
Package: ifvtex 2019/10/25 v1.7 ifvtex legacy package. Use iftex instead.
 (/Users/rin/Library/TinyTeX/texmf-dist/tex/generic/iftex/iftex.sty
Package: iftex 2022/02/03 v1.0f TeX engine tests
))
\Gm@cnth=\count193
\Gm@cntv=\count194
\c@Gm@tempcnt=\count195
\Gm@bindingoffset=\dimen147
\Gm@wd@mp=\dimen148
\Gm@odd@mp=\dimen149
\Gm@even@mp=\dimen150
\Gm@layoutwidth=\dimen151
\Gm@layoutheight=\dimen152
\Gm@layouthoffset=\dimen153
\Gm@layoutvoffset=\dimen154
\Gm@dimlist=\toks17
) (/Users/rin/Library/TinyTeX/texmf-dist/tex/latex/hyperref/hyperref.sty
Package: hyperref 2022-11-13 v7.00u Hypertext links for LaTeX
 (/Users/rin/Library/TinyTeX/texmf-dist/tex/generic/ltxcmds/ltxcmds.sty
Package: ltxcmds 2020-05-10 v1.25 LaTeX kernel commands for general use (HO)
) (/Users/rin/Library/TinyTeX/texmf-dist/tex/generic/pdftexcmds/pdftexcmds.sty
Package: pdftexcmds 2020-06-27 v0.33 Utility functions of pdfTeX for LuaTeX (HO)
 (/Users/rin/Library/TinyTeX/texmf-dist/tex/generic/infwarerr/infwarerr.sty
Package: infwarerr 2019/12/03 v1.5 Providing info/warning/error messages (HO)
)
Package pdftexcmds Info: \pdf@primitive is available.
Package pdftexcmds Info: \pdf@ifprimitive is available.
Package pdftexcmds Info: \pdfdraftmode found.
) (/Users/rin/Library/TinyTeX/texmf-dist/tex/latex/kvsetkeys/kvsetkeys.sty
Package: kvsetkeys 2022-10-05 v1.19 Key value parser (HO)
) (/Users/rin/Library/TinyTeX/texmf-dist/tex/generic/kvdefinekeys/kvdefinekeys.sty
Package: kvdefinekeys 2019-12-19 v1.6 Define keys (HO)
) (/Users/rin/Library/TinyTeX/texmf-dist/tex/generic/pdfescape/pdfescape.sty
Package: pdfescape 2019/12/09 v1.15 Implements pdfTeX's escape features (HO)
) (/Users/rin/Library/TinyTeX/texmf-dist/tex/latex/hycolor/hycolor.sty
Package: hycolor 2020-01-27 v1.10 Color options for hyperref/bookmark (HO)
) (/Users/rin/Library/TinyTeX/texmf-dist/tex/latex/letltxmacro/letltxmacro.sty
Package: letltxmacro 2019/12/03 v1.6 Let assignment for LaTeX macros (HO)
) (/Users/rin/Library/TinyTeX/texmf-dist/tex/latex/auxhook/auxhook.sty
Package: auxhook 2019-12-17 v1.6 Hooks for auxiliary files (HO)
) (/Users/rin/Library/TinyTeX/texmf-dist/tex/latex/hyperref/nameref.sty
Package: nameref 2022-05-17 v2.50 Cross-referencing by name of section
 (/Users/rin/Library/TinyTeX/texmf-dist/tex/latex/refcount/refcount.sty
Package: refcount 2019/12/15 v3.6 Data extraction from label references (HO)
) (/Users/rin/Library/TinyTeX/texmf-dist/tex/generic/gettitlestring/gettitlestring.sty
Package: gettitlestring 2019/12/15 v1.6 Cleanup title references (HO)
 (/Users/rin/Library/TinyTeX/texmf-dist/tex/latex/kvoptions/kvoptions.sty
Package: kvoptions 2022-06-15 v3.15 Key value format for package options (HO)
))
\c@section@level=\count196
)
\@linkdim=\dimen155
\Hy@linkcounter=\count197
\Hy@pagecounter=\count198
 (/Users/rin/Library/TinyTeX/texmf-dist/tex/latex/hyperref/pd1enc.def
File: pd1enc.def 2022-11-13 v7.00u Hyperref: PDFDocEncoding definition (HO)
Now handling font encoding PD1 ...
... no UTF-8 mapping file for font encoding PD1
) (/Users/rin/Library/TinyTeX/texmf-dist/tex/generic/intcalc/intcalc.sty
Package: intcalc 2019/12/15 v1.3 Expandable calculations with integers (HO)
) (/Users/rin/Library/TinyTeX/texmf-dist/tex/generic/etexcmds/etexcmds.sty
Package: etexcmds 2019/12/15 v1.7 Avoid name clashes with e-TeX commands (HO)
)
\Hy@SavedSpaceFactor=\count199
 (/Users/rin/Library/TinyTeX/texmf-dist/tex/latex/hyperref/puenc.def
File: puenc.def 2022-11-13 v7.00u Hyperref: PDF Unicode definition (HO)
Now handling font encoding PU ...
... no UTF-8 mapping file for font encoding PU
)
Package hyperref Info: Option `unicode' set `true' on input line 4045.
Package hyperref Info: Option `pdfusetitle' set `true' on input line 4045.
Package hyperref Info: Option `bookmarks' set `true' on input line 4045.
Package hyperref Info: Option `bookmarksnumbered' set `true' on input line 4045.
Package hyperref Info: Option `bookmarksopen' set `true' on input line 4045.
Package hyperref Info: Option `breaklinks' set `false' on input line 4045.
Package hyperref Info: Option `colorlinks' set `false' on input line 4045.
Package hyperref Info: Hyper figures OFF on input line 4162.
Package hyperref Info: Link nesting OFF on input line 4167.
Package hyperref Info: Hyper index ON on input line 4170.
Package hyperref Info: Plain pages OFF on input line 4177.
Package hyperref Info: Backreferencing OFF on input line 4182.
Package hyperref Info: Implicit mode ON; LaTeX internals redefined.
Package hyperref Info: Bookmarks ON on input line 4410.
\c@Hy@tempcnt=\count266
 (/Users/rin/Library/TinyTeX/texmf-dist/tex/latex/url/url.sty
\Urlmuskip=\muskip16
Package: url 2013/09/16  ver 3.4  Verb mode for urls, etc.
)
LaTeX Info: Redefining \url on input line 4748.
\XeTeXLinkMargin=\dimen156
 (/Users/rin/Library/TinyTeX/texmf-dist/tex/generic/bitset/bitset.sty
Package: bitset 2019/12/09 v1.3 Handle bit-vector datatype (HO)
 (/Users/rin/Library/TinyTeX/texmf-dist/tex/generic/bigintcalc/bigintcalc.sty
Package: bigintcalc 2019/12/15 v1.5 Expandable calculations on big integers (HO)
))
\Fld@menulength=\count267
\Field@Width=\dimen157
\Fld@charsize=\dimen158
Package hyperref Info: Hyper figures OFF on input line 6027.
Package hyperref Info: Link nesting OFF on input line 6032.
Package hyperref Info: Hyper index ON on input line 6035.
Package hyperref Info: backreferencing OFF on input line 6042.
Package hyperref Info: Link coloring OFF on input line 6047.
Package hyperref Info: Link coloring with OCG OFF on input line 6052.
Package hyperref Info: PDF/A mode OFF on input line 6057.
 (/Users/rin/Library/TinyTeX/texmf-dist/tex/latex/base/atbegshi-ltx.sty
Package: atbegshi-ltx 2021/01/10 v1.0c Emulation of the original atbegshi
package with kernel methods
)
\Hy@abspage=\count268
\c@Item=\count269
\c@Hfootnote=\count270
)
Package hyperref Info: Driver (autodetected): hpdftex.
 (/Users/rin/Library/TinyTeX/texmf-dist/tex/latex/hyperref/hpdftex.def
File: hpdftex.def 2022-11-13 v7.00u Hyperref driver for pdfTeX
 (/Users/rin/Library/TinyTeX/texmf-dist/tex/latex/base/atveryend-ltx.sty
Package: atveryend-ltx 2020/08/19 v1.0a Emulation of the original atveryend package
with kernel methods
)
\Fld@listcount=\count271
\c@bookmark@seq@number=\count272
 (/Users/rin/Library/TinyTeX/texmf-dist/tex/latex/rerunfilecheck/rerunfilecheck.sty
Package: rerunfilecheck 2022-07-10 v1.10 Rerun checks for auxiliary files (HO)
 (/Users/rin/Library/TinyTeX/texmf-dist/tex/generic/uniquecounter/uniquecounter.sty
Package: uniquecounter 2019/12/15 v1.4 Provide unlimited unique counter (HO)
)
Package uniquecounter Info: New unique counter `rerunfilecheck' on input line 285.
)
\Hy@SectionHShift=\skip51
) (/Users/rin/Library/TinyTeX/texmf-dist/tex/latex/l3backend/l3backend-pdftex.def
File: l3backend-pdftex.def 2023-01-16 L3 backend support: PDF output (pdfTeX)
\l__color_backend_stack_int=\count273
\l__pdf_internal_box=\box51
) (/Users/rin/eclipse-workspace/DATA 101/Assignment 1/Meng51940633A1.aux)
\openout1 = `Meng51940633A1.aux'.

LaTeX Font Info:    Checking defaults for OML/cmm/m/it on input line 76.
LaTeX Font Info:    ... okay on input line 76.
LaTeX Font Info:    Checking defaults for OMS/cmsy/m/n on input line 76.
LaTeX Font Info:    ... okay on input line 76.
LaTeX Font Info:    Checking defaults for OT1/cmr/m/n on input line 76.
LaTeX Font Info:    ... okay on input line 76.
LaTeX Font Info:    Checking defaults for T1/cmr/m/n on input line 76.
LaTeX Font Info:    ... okay on input line 76.
LaTeX Font Info:    Checking defaults for TS1/cmr/m/n on input line 76.
LaTeX Font Info:    ... okay on input line 76.
LaTeX Font Info:    Checking defaults for OMX/cmex/m/n on input line 76.
LaTeX Font Info:    ... okay on input line 76.
LaTeX Font Info:    Checking defaults for U/cmr/m/n on input line 76.
LaTeX Font Info:    ... okay on input line 76.
LaTeX Font Info:    Checking defaults for PD1/pdf/m/n on input line 76.
LaTeX Font Info:    ... okay on input line 76.
LaTeX Font Info:    Checking defaults for PU/pdf/m/n on input line 76.
LaTeX Font Info:    ... okay on input line 76.
 (/Users/rin/Library/TinyTeX/texmf-dist/tex/latex/epstopdf-pkg/epstopdf-base.sty
Package: epstopdf-base 2020-01-24 v2.11 Base part for package epstopdf
Package epstopdf-base Info: Redefining graphics rule for `.eps' on input line 485.
 (/Users/rin/Library/TinyTeX/texmf-dist/tex/latex/latexconfig/epstopdf-sys.cfg
File: epstopdf-sys.cfg 2010/07/13 v1.3 Configuration of (r)epstopdf for TeX Live
))
\big@size=\dimen159

*geometry* driver: auto-detecting
*geometry* detected driver: pdftex

Package geometry Warning: The marginal notes overrun the paper.
     Add 4.86812pt and more to the right margin.

*geometry* verbose mode - [ preamble ] result:
* driver: pdftex
* paper: <default>
* layout: <same size as paper>
* layoutoffset:(h,v)=(0.0pt,0.0pt)
* modes: 
* h-part:(L,W,R)=(71.13188pt, 472.03123pt, 71.13188pt)
* v-part:(T,H,B)=(71.13188pt, 652.70622pt, 71.13188pt)
* \paperwidth=614.295pt
* \paperheight=794.96999pt
* \textwidth=472.03123pt
* \textheight=652.70622pt
* \oddsidemargin=-1.1381pt
* \evensidemargin=-1.1381pt
* \topmargin=-38.1381pt
* \headheight=12.0pt
* \headsep=25.0pt
* \topskip=10.0pt
* \footskip=30.0pt
* \marginparwidth=65.0pt
* \marginparsep=11.0pt
* \columnsep=10.0pt
* \skip\footins=9.0pt plus 4.0pt minus 2.0pt
* \hoffset=0.0pt
* \voffset=0.0pt
* \mag=1000
* \@twocolumnfalse
* \@twosidefalse
* \@mparswitchfalse
* \@reversemarginfalse
* (1in=72.27pt=25.4mm, 1cm=28.453pt)

Package hyperref Info: Link coloring OFF on input line 76.
(/Users/rin/eclipse-workspace/DATA 101/Assignment 1/Meng51940633A1.out) (/Users/rin/eclipse-workspace/DATA 101/Assignment 1/Meng51940633A1.out)
\@outlinefile=\write3
\openout3 = `Meng51940633A1.out'.


Missing character: There is no T in font nullfont!
Missing character: There is no h in font nullfont!
Missing character: There is no e in font nullfont!
Missing character: There is no r in font nullfont!
Missing character: There is no e in font nullfont!
Missing character: There is no s in font nullfont!
Missing character: There is no u in font nullfont!
Missing character: There is no l in font nullfont!
Missing character: There is no t in font nullfont!
Missing character: There is no s in font nullfont!
Missing character: There is no b in font nullfont!
Missing character: There is no e in font nullfont!
Missing character: There is no l in font nullfont!
Missing character: There is no o in font nullfont!
Missing character: There is no w in font nullfont!
Missing character: There is no a in font nullfont!
Missing character: There is no r in font nullfont!
Missing character: There is no e in font nullfont!
Missing character: There is no g in font nullfont!
Missing character: There is no e in font nullfont!
Missing character: There is no n in font nullfont!
Missing character: There is no e in font nullfont!
Missing character: There is no r in font nullfont!
Missing character: There is no a in font nullfont!
Missing character: There is no t in font nullfont!
Missing character: There is no e in font nullfont!
Missing character: There is no d in font nullfont!
Missing character: There is no f in font nullfont!
Missing character: There is no r in font nullfont!
Missing character: There is no o in font nullfont!
Missing character: There is no m in font nullfont!
Missing character: There is no a in font nullfont!
Missing character: There is no n in font nullfont!
Missing character: There is no R in font nullfont!
Missing character: There is no s in font nullfont!
Missing character: There is no c in font nullfont!
Missing character: There is no r in font nullfont!
Missing character: There is no i in font nullfont!
Missing character: There is no p in font nullfont!
Missing character: There is no t in font nullfont!
Missing character: There is no . in font nullfont!
LaTeX Font Info:    Trying to load font information for T1+lmtt on input line 89.
(/Users/rin/Library/TinyTeX/texmf-dist/tex/latex/lm/t1lmtt.fd
File: t1lmtt.fd 2015/05/01 v1.6.1 Font defs for Latin Modern
)
LaTeX Font Info:    Font shape `T1/lmtt/bx/n' in size <10> not available
(Font)              Font shape `T1/lmtt/b/n' tried instead on input line 133.

Overfull \hbox (23.20345pt too wide) in paragraph at lines 140--140
[][]\T1/lmtt/m/it/10 #Answer: 12222222222222223360, I am the one who is right. The number shown is because R cannot[][] 
 []


Overfull \hbox (5.71738pt too wide) in paragraph at lines 168--168
[]\T1/lmtt/m/n/10 ##  [1] 563200 572000 689920 922240 792000 818400 580800 591360 554400 579040 510400 888800[] 
 []


Overfull \hbox (5.71738pt too wide) in paragraph at lines 168--168
[]\T1/lmtt/m/n/10 ## [13] 616000 716320 503360 924000 686400 575520 633600 538560 686400 739200 512160 598400[] 
 []


Overfull \hbox (5.71738pt too wide) in paragraph at lines 168--168
[]\T1/lmtt/m/n/10 ## [25] 619520 827200 616000 528000 985600 584320 721600 809600 758560 616000 594880 880000[] 
 []


Overfull \hbox (5.71738pt too wide) in paragraph at lines 168--168
[]\T1/lmtt/m/n/10 ## [37] 723360 765600 862400 545600 809600 674080 660000 959200 783200 668800 528000 668800[] 
 []


Overfull \hbox (5.71738pt too wide) in paragraph at lines 168--168
[]\T1/lmtt/m/n/10 ## [49] 663520 748000 739200 616000 633600 946880 552640 633600 950400 746240 545600 528000[] 
 []

Missing character: There is no 1 in font nullfont!
[1

{/Users/rin/Library/TinyTeX/texmf-var/fonts/map/pdftex/updmap/pdftex.map}]
<figure/Meng51940633A1-Rnwauto-report-1.pdf, id=12, 433.62pt x 433.62pt>
File: figure/Meng51940633A1-Rnwauto-report-1.pdf Graphic file (type pdf)
<use figure/Meng51940633A1-Rnwauto-report-1.pdf>
Package pdftex.def Info: figure/Meng51940633A1-Rnwauto-report-1.pdf  used on input line 175.
(pdftex.def)             Requested size: 283.22162pt x 283.23251pt.
<figure/Meng51940633A1-Rnwauto-report-2.pdf, id=13, 433.62pt x 433.62pt>
File: figure/Meng51940633A1-Rnwauto-report-2.pdf Graphic file (type pdf)
<use figure/Meng51940633A1-Rnwauto-report-2.pdf>
Package pdftex.def Info: figure/Meng51940633A1-Rnwauto-report-2.pdf  used on input line 189.
(pdftex.def)             Requested size: 283.22162pt x 283.23251pt.

Missing character: There is no 2 in font nullfont!
[2 </Users/rin/eclipse-workspace/DATA 101/Assignment 1/figure/Meng51940633A1-Rnwauto-report-1.pdf>]
<figure/Meng51940633A1-Rnwauto-report-3.pdf, id=23, 433.62pt x 433.62pt>
File: figure/Meng51940633A1-Rnwauto-report-3.pdf Graphic file (type pdf)
<use figure/Meng51940633A1-Rnwauto-report-3.pdf>
Package pdftex.def Info: figure/Meng51940633A1-Rnwauto-report-3.pdf  used on input line 202.
(pdftex.def)             Requested size: 283.22162pt x 283.23251pt.

Missing character: There is no 3 in font nullfont!
[3 </Users/rin/eclipse-workspace/DATA 101/Assignment 1/figure/Meng51940633A1-Rnwauto-report-2.pdf> </Users/rin/eclipse-workspace/DATA 101/Assignment 1/figure/Meng51940633A1-Rnwauto-report-3.pdf>]
Overfull \hbox (5.71738pt too wide) in paragraph at lines 245--245
[]\T1/lmtt/m/n/10 ##  [1]   2   4   6   8  10  12  14  16  18  20  22  24  26  28  30  32  34  36  38  40  42[] 
 []


Overfull \hbox (5.71738pt too wide) in paragraph at lines 245--245
[]\T1/lmtt/m/n/10 ## [22]  44  46  48  50  52  54  56  58  60  62  64  66  68  70  72  74  76  78  80  82  84[] 
 []


Overfull \hbox (17.95346pt too wide) in paragraph at lines 365--365
[][]\T1/lmtt/m/it/10 #Answer: as n is from 1:higher & higher number, we can expect the Gregory formula to simplify[][] 
 []


Overfull \hbox (10.96736pt too wide) in paragraph at lines 390--390
[]\T1/lmtt/m/n/10 ##   [1]   1   1   1   1   1   2   2   2   2   3   3   3   4   4   5   6   7   7   8   8   8[] 
 []


Overfull \hbox (10.96736pt too wide) in paragraph at lines 390--390
[]\T1/lmtt/m/n/10 ##  [22]   9   9   9   9  10  10  10  10  10  11  11  11  11  11  12  12  12  12  13  13  13[] 
 []


Overfull \hbox (10.96736pt too wide) in paragraph at lines 390--390
[]\T1/lmtt/m/n/10 ##  [43]  14  14  15  16  17  17  18  18  18  19  19  19  19  20  20  20  20  20  21  21  21[] 
 []


Overfull \hbox (10.96736pt too wide) in paragraph at lines 390--390
[]\T1/lmtt/m/n/10 ##  [64]  21  21  22  22  22  22  23  23  23  24  24  25  26  27  27  28  28  28  29  29  29[] 
 []


Overfull \hbox (10.96736pt too wide) in paragraph at lines 390--390
[]\T1/lmtt/m/n/10 ##  [85]  29  30  30  30  30  30  31  31  31  31  31  32  32  32  32  33  33  33  34  34  35[] 
 []


Overfull \hbox (10.96736pt too wide) in paragraph at lines 390--390
[]\T1/lmtt/m/n/10 ## [106]  36  37  37  38  38  38  39  39  39  39  40  40  40  40  40  41  41  41  41  41  42[] 
 []


Overfull \hbox (10.96736pt too wide) in paragraph at lines 390--390
[]\T1/lmtt/m/n/10 ## [127]  42  42  42  43  43  43  44  44  45  46  47  47  48  48  48  49  49  49  49  50  50[] 
 []


Overfull \hbox (10.96736pt too wide) in paragraph at lines 390--390
[]\T1/lmtt/m/n/10 ## [148]  50  50  50  51  51  51  51  51  52  52  52  52  53  53  53  54  54  55  56  57  57[] 
 []


Overfull \hbox (10.96736pt too wide) in paragraph at lines 390--390
[]\T1/lmtt/m/n/10 ## [169]  58  58  58  59  59  59  59  60  60  60  60  60  61  61  61  61  61  62  62  62  62[] 
 []


Overfull \hbox (10.96736pt too wide) in paragraph at lines 390--390
[]\T1/lmtt/m/n/10 ## [190]  63  63  63  64  64  65  66  67  67  68  68  68  69  69  69  69  70  70  70  70  70[] 
 []


Overfull \hbox (10.96736pt too wide) in paragraph at lines 390--390
[]\T1/lmtt/m/n/10 ## [211]  71  71  71  71  71  72  72  72  72  73  73  73  74  74  75  76  77  77  78  78  78[] 
 []


Overfull \hbox (10.96736pt too wide) in paragraph at lines 390--390
[]\T1/lmtt/m/n/10 ## [232]  79  79  79  79  80  80  80  80  80  81  81  81  81  81  82  82  82  82  83  83  83[] 
 []


Overfull \hbox (10.96736pt too wide) in paragraph at lines 390--390
[]\T1/lmtt/m/n/10 ## [253]  84  84  85  86  87  87  88  88  88  89  89  89  89  90  90  90  90  90  91  91  91[] 
 []


Overfull \hbox (10.96736pt too wide) in paragraph at lines 390--390
[]\T1/lmtt/m/n/10 ## [274]  91  91  92  92  92  92  93  93  93  94  94  95  96  97  97  98  98  98  99  99  99[] 
 []


Overfull \hbox (16.21735pt too wide) in paragraph at lines 405--405
[]\T1/lmtt/m/n/10 ##  [1] 3 3 3 4 4 5 5 5 5 6 6 7 3 3 3 4 4 5 5 5 5 6 6 7 3 3 3 4 4 5 5 5 5 6 6 7 3 3 3 4 4 5 5[] 
 []

Missing character: There is no 4 in font nullfont!
[4]
Missing character: There is no 5 in font nullfont!
[5]
Missing character: There is no T in font nullfont!
Missing character: There is no h in font nullfont!
Missing character: There is no e in font nullfont!
Missing character: There is no R in font nullfont!
Missing character: There is no s in font nullfont!
Missing character: There is no e in font nullfont!
Missing character: There is no s in font nullfont!
Missing character: There is no s in font nullfont!
Missing character: There is no i in font nullfont!
Missing character: There is no o in font nullfont!
Missing character: There is no n in font nullfont!
Missing character: There is no i in font nullfont!
Missing character: There is no n in font nullfont!
Missing character: There is no f in font nullfont!
Missing character: There is no o in font nullfont!
Missing character: There is no r in font nullfont!
Missing character: There is no m in font nullfont!
Missing character: There is no a in font nullfont!
Missing character: There is no t in font nullfont!
Missing character: There is no i in font nullfont!
Missing character: There is no o in font nullfont!
Missing character: There is no n in font nullfont!
Missing character: There is no ( in font nullfont!
Missing character: There is no i in font nullfont!
Missing character: There is no n in font nullfont!
Missing character: There is no c in font nullfont!
Missing character: There is no l in font nullfont!
Missing character: There is no u in font nullfont!
Missing character: There is no d in font nullfont!
Missing character: There is no i in font nullfont!
Missing character: There is no n in font nullfont!
Missing character: There is no g in font nullfont!
Missing character: There is no t in font nullfont!
Missing character: There is no h in font nullfont!
Missing character: There is no e in font nullfont!
Missing character: There is no O in font nullfont!
Missing character: There is no S in font nullfont!
Missing character: There is no i in font nullfont!
Missing character: There is no n in font nullfont!
Missing character: There is no f in font nullfont!
Missing character: There is no o in font nullfont!
Missing character: There is no , in font nullfont!
Missing character: There is no R in font nullfont!
Missing character: There is no v in font nullfont!
Missing character: There is no e in font nullfont!
Missing character: There is no r in font nullfont!
Missing character: There is no s in font nullfont!
Missing character: There is no i in font nullfont!
Missing character: There is no o in font nullfont!
Missing character: There is no n in font nullfont!
Missing character: There is no a in font nullfont!
Missing character: There is no n in font nullfont!
Missing character: There is no d in font nullfont!
Missing character: There is no a in font nullfont!
Missing character: There is no l in font nullfont!
Missing character: There is no l in font nullfont!
Missing character: There is no p in font nullfont!
Missing character: There is no a in font nullfont!
Missing character: There is no c in font nullfont!
Missing character: There is no k in font nullfont!
Missing character: There is no a in font nullfont!
Missing character: There is no g in font nullfont!
Missing character: There is no e in font nullfont!
Missing character: There is no s in font nullfont!
Missing character: There is no u in font nullfont!
Missing character: There is no s in font nullfont!
Missing character: There is no e in font nullfont!
Missing character: There is no d in font nullfont!
Missing character: There is no ) in font nullfont!
Missing character: There is no : in font nullfont!
Missing character: There is no 6 in font nullfont!
[6]
Missing character: There is no 7 in font nullfont!
[7] (/Users/rin/eclipse-workspace/DATA 101/Assignment 1/Meng51940633A1.aux)
Package rerunfilecheck Info: File `Meng51940633A1.out' has not changed.
(rerunfilecheck)             Checksum: D41D8CD98F00B204E9800998ECF8427E;0.
 ) 
Here is how much of TeX's memory you used:
 9276 strings out of 478025
 147426 string characters out of 5839729
 1880305 words of memory out of 5000000
 29321 multiletter control sequences out of 15000+600000
 513243 words of font info for 35 fonts, out of 8000000 for 9000
 14 hyphenation exceptions out of 8191
 75i,5n,76p,352b,485s stack positions out of 10000i,1000n,20000p,200000b,200000s
{/Users/rin/Library/TinyTeX/texmf-dist/fonts/enc/dvips/lm/lm-ec.enc}</Users/rin/Library/TinyTeX/texmf-dist/fonts/type1/public/lm/lmtk10.pfb></Users/rin/Library/TinyTeX/texmf-dist/fonts/type1/public/lm/lmtt10.pfb></Users/rin/Library/TinyTeX/texmf-dist/fonts/type1/public/lm/lmtti10.pfb>
Output written on Meng51940633A1.pdf (7 pages, 97136 bytes).
PDF statistics:
 75 PDF objects out of 1000 (max. 8388607)
 53 compressed objects within 1 object stream
 8 named destinations out of 1000 (max. 500000)
 16 words of extra memory for PDF output out of 10000 (max. 10000000)

